2016-12-21 10:38:13,496 [INFO] from play.core.server.NettyServer in pool-9-thread-5 - Listening for HTTP on /0:0:0:0:0:0:0:0:9000
2016-12-21 10:38:20,972 [WARN] from application in ForkJoinPool-1-worker-1 - application.conf @ file:/C:/WebDev/workspace2/CO-Assist/target/scala-2.10/classes/application.conf: 40: user is deprecated, use username instead
2016-12-21 10:38:20,988 [INFO] from application in ForkJoinPool-1-worker-1 - Creating Pool for datasource 'default'
2016-12-21 10:38:21,962 [INFO] from play.api.db.DefaultDBApi in ForkJoinPool-1-worker-1 - Database [default] connected at jdbc:mysql://104.198.76.200/app?characterEncoding=UTF-8
2016-12-21 10:38:23,121 [ERROR] from application in New I/O worker #1 - 

! @72edknc37 - Internal server error, for (GET) [/] ->
 
play.api.db.evolutions.InvalidDatabaseRevision: Database 'default' needs evolution![An SQL script need to be run on your database.]
	at play.api.db.evolutions.ApplicationEvolutions$$anonfun$play$api$db$evolutions$ApplicationEvolutions$$runEvolutions$1.apply$mcV$sp(ApplicationEvolutions.scala:76) ~[play-jdbc-evolutions_2.10-2.4.0.jar:2.4.0]
	at play.api.db.evolutions.ApplicationEvolutions.withLock(ApplicationEvolutions.scala:98) ~[play-jdbc-evolutions_2.10-2.4.0.jar:2.4.0]
	at play.api.db.evolutions.ApplicationEvolutions.play$api$db$evolutions$ApplicationEvolutions$$runEvolutions(ApplicationEvolutions.scala:49) ~[play-jdbc-evolutions_2.10-2.4.0.jar:2.4.0]
	at play.api.db.evolutions.ApplicationEvolutions$$anonfun$start$1.apply(ApplicationEvolutions.scala:42) ~[play-jdbc-evolutions_2.10-2.4.0.jar:2.4.0]
	at play.api.db.evolutions.ApplicationEvolutions$$anonfun$start$1.apply(ApplicationEvolutions.scala:42) ~[play-jdbc-evolutions_2.10-2.4.0.jar:2.4.0]
	at scala.collection.immutable.List.foreach(List.scala:318) ~[scala-library.jar:na]
	at play.api.db.evolutions.ApplicationEvolutions.start(ApplicationEvolutions.scala:42) ~[play-jdbc-evolutions_2.10-2.4.0.jar:2.4.0]
	at play.api.db.evolutions.ApplicationEvolutions.<init>(ApplicationEvolutions.scala:149) ~[play-jdbc-evolutions_2.10-2.4.0.jar:2.4.0]
	at play.api.db.evolutions.ApplicationEvolutionsProvider.get$lzycompute(EvolutionsModule.scala:53) ~[play-jdbc-evolutions_2.10-2.4.0.jar:2.4.0]
	at play.api.db.evolutions.ApplicationEvolutionsProvider.get(EvolutionsModule.scala:53) ~[play-jdbc-evolutions_2.10-2.4.0.jar:2.4.0]
	at play.api.db.evolutions.ApplicationEvolutionsProvider.get(EvolutionsModule.scala:44) ~[play-jdbc-evolutions_2.10-2.4.0.jar:2.4.0]
	at com.google.inject.internal.ProviderInternalFactory.provision(ProviderInternalFactory.java:81) ~[guice.jar:na]
	at com.google.inject.internal.BoundProviderFactory.provision(BoundProviderFactory.java:72) ~[guice.jar:na]
	at com.google.inject.internal.ProviderInternalFactory.circularGet(ProviderInternalFactory.java:61) ~[guice.jar:na]
	at com.google.inject.internal.BoundProviderFactory.get(BoundProviderFactory.java:62) ~[guice.jar:na]
	at com.google.inject.internal.ProviderToInternalFactoryAdapter$1.call(ProviderToInternalFactoryAdapter.java:46) ~[guice.jar:na]
	at com.google.inject.internal.InjectorImpl.callInContext(InjectorImpl.java:1103) ~[guice.jar:na]
	at com.google.inject.internal.ProviderToInternalFactoryAdapter.get(ProviderToInternalFactoryAdapter.java:40) ~[guice.jar:na]
	at com.google.inject.internal.SingletonScope$1.get(SingletonScope.java:145) ~[guice.jar:na]
	at com.google.inject.internal.InternalFactoryToProviderAdapter.get(InternalFactoryToProviderAdapter.java:41) ~[guice.jar:na]
	at com.google.inject.internal.InternalInjectorCreator$1.call(InternalInjectorCreator.java:205) ~[guice.jar:na]
	at com.google.inject.internal.InternalInjectorCreator$1.call(InternalInjectorCreator.java:199) ~[guice.jar:na]
	at com.google.inject.internal.InjectorImpl.callInContext(InjectorImpl.java:1092) ~[guice.jar:na]
	at com.google.inject.internal.InternalInjectorCreator.loadEagerSingletons(InternalInjectorCreator.java:199) ~[guice.jar:na]
	at com.google.inject.internal.InternalInjectorCreator.injectDynamically(InternalInjectorCreator.java:180) ~[guice.jar:na]
	at com.google.inject.internal.InternalInjectorCreator.build(InternalInjectorCreator.java:110) ~[guice.jar:na]
	at com.google.inject.Guice.createInjector(Guice.java:96) ~[guice.jar:na]
	at com.google.inject.Guice.createInjector(Guice.java:73) ~[guice.jar:na]
	at com.google.inject.Guice.createInjector(Guice.java:62) ~[guice.jar:na]
	at play.api.inject.guice.GuiceBuilder.injector(GuiceInjectorBuilder.scala:126) ~[play_2.10-2.4.6.jar:2.4.6]
	at play.api.inject.guice.GuiceApplicationBuilder.build(GuiceApplicationBuilder.scala:93) ~[play_2.10-2.4.6.jar:2.4.6]
	at play.api.inject.guice.GuiceApplicationLoader.load(GuiceApplicationLoader.scala:21) ~[play_2.10-2.4.6.jar:2.4.6]
	at play.core.server.DevServerStart$$anonfun$mainDev$1$$anon$1$$anonfun$get$1$$anonfun$apply$1$$anonfun$1$$anonfun$2.apply(DevServerStart.scala:153) ~[play-server_2.10-2.4.6.jar:2.4.6]
	at play.core.server.DevServerStart$$anonfun$mainDev$1$$anon$1$$anonfun$get$1$$anonfun$apply$1$$anonfun$1$$anonfun$2.apply(DevServerStart.scala:150) ~[play-server_2.10-2.4.6.jar:2.4.6]
	at play.utils.Threads$.withContextClassLoader(Threads.scala:21) ~[play_2.10-2.4.6.jar:2.4.6]
	at play.core.server.DevServerStart$$anonfun$mainDev$1$$anon$1$$anonfun$get$1$$anonfun$apply$1$$anonfun$1.apply(DevServerStart.scala:150) ~[play-server_2.10-2.4.6.jar:2.4.6]
	at play.core.server.DevServerStart$$anonfun$mainDev$1$$anon$1$$anonfun$get$1$$anonfun$apply$1$$anonfun$1.apply(DevServerStart.scala:121) ~[play-server_2.10-2.4.6.jar:2.4.6]
	at scala.Option.map(Option.scala:145) ~[scala-library.jar:na]
	at play.core.server.DevServerStart$$anonfun$mainDev$1$$anon$1$$anonfun$get$1$$anonfun$apply$1.apply(DevServerStart.scala:121) ~[play-server_2.10-2.4.6.jar:2.4.6]
	at play.core.server.DevServerStart$$anonfun$mainDev$1$$anon$1$$anonfun$get$1$$anonfun$apply$1.apply(DevServerStart.scala:119) ~[play-server_2.10-2.4.6.jar:2.4.6]
	at scala.util.Success.flatMap(Try.scala:200) ~[scala-library.jar:na]
	at play.core.server.DevServerStart$$anonfun$mainDev$1$$anon$1$$anonfun$get$1.apply(DevServerStart.scala:119) ~[play-server_2.10-2.4.6.jar:2.4.6]
	at play.core.server.DevServerStart$$anonfun$mainDev$1$$anon$1$$anonfun$get$1.apply(DevServerStart.scala:111) ~[play-server_2.10-2.4.6.jar:2.4.6]
	at scala.concurrent.impl.Future$PromiseCompletingRunnable.liftedTree1$1(Future.scala:24) ~[scala-library.jar:na]
	at scala.concurrent.impl.Future$PromiseCompletingRunnable.run(Future.scala:24) ~[scala-library.jar:na]
	at java.util.concurrent.ForkJoinTask$RunnableExecuteAction.exec(ForkJoinTask.java:1402) ~[na:1.8.0_101]
	at java.util.concurrent.ForkJoinTask.doExec(ForkJoinTask.java:289) ~[na:1.8.0_101]
	at java.util.concurrent.ForkJoinPool$WorkQueue.runTask(ForkJoinPool.java:1056) ~[na:1.8.0_101]
	at java.util.concurrent.ForkJoinPool.runWorker(ForkJoinPool.java:1692) ~[na:1.8.0_101]
	at java.util.concurrent.ForkJoinWorkerThread.run(ForkJoinWorkerThread.java:157) ~[na:1.8.0_101]
2016-12-21 10:38:35,601 [WARN] from application in ForkJoinPool-1-worker-2 - application.conf @ file:/C:/WebDev/workspace2/CO-Assist/target/scala-2.10/classes/application.conf: 40: user is deprecated, use username instead
2016-12-21 10:38:35,602 [INFO] from application in ForkJoinPool-1-worker-2 - Creating Pool for datasource 'default'
2016-12-21 10:38:35,778 [INFO] from play.api.db.DefaultDBApi in ForkJoinPool-1-worker-2 - Database [default] connected at jdbc:mysql://104.198.76.200/app?characterEncoding=UTF-8
2016-12-21 10:38:36,577 [ERROR] from application in ForkJoinPool-1-worker-2 - 
java.lang.RuntimeException: There is no HTTP Context available from here.
	at play.mvc.Http$Context.current(Http.java:57) ~[play_2.10-2.4.6.jar:2.4.6]
	at models.AuditLog.setLog(AuditLog.java:231) ~[classes/:2.4.6]
	at utils.ScheduleEmail.scheduleReminder(ScheduleEmail.java:72) ~[classes/:na]
	at Global.onStart(Global.java:12) [classes/:na]
	at play.core.j.JavaGlobalSettingsAdapter.onStart(JavaGlobalSettingsAdapter.scala:22) [play_2.10-2.4.6.jar:2.4.6]
	at play.api.GlobalPlugin.onStart(GlobalSettings.scala:271) [play_2.10-2.4.6.jar:2.4.6]
	at play.api.Play$$anonfun$start$1$$anonfun$apply$mcV$sp$1.apply(Play.scala:92) [play_2.10-2.4.6.jar:2.4.6]
	at play.api.Play$$anonfun$start$1$$anonfun$apply$mcV$sp$1.apply(Play.scala:92) [play_2.10-2.4.6.jar:2.4.6]
	at scala.collection.Iterator$class.foreach(Iterator.scala:727) [scala-library.jar:na]
	at scala.collection.AbstractIterator.foreach(Iterator.scala:1157) [scala-library.jar:na]
	at scala.collection.IterableLike$class.foreach(IterableLike.scala:72) [scala-library.jar:na]
	at play.api.Plugins.foreach(Plugins.scala:57) [play_2.10-2.4.6.jar:2.4.6]
	at play.api.Play$$anonfun$start$1.apply$mcV$sp(Play.scala:92) [play_2.10-2.4.6.jar:2.4.6]
	at play.api.Play$$anonfun$start$1.apply(Play.scala:87) [play_2.10-2.4.6.jar:2.4.6]
	at play.api.Play$$anonfun$start$1.apply(Play.scala:87) [play_2.10-2.4.6.jar:2.4.6]
	at play.utils.Threads$.withContextClassLoader(Threads.scala:21) [play_2.10-2.4.6.jar:2.4.6]
	at play.api.Play$.start(Play.scala:87) [play_2.10-2.4.6.jar:2.4.6]
	at play.core.server.DevServerStart$$anonfun$mainDev$1$$anon$1$$anonfun$get$1$$anonfun$apply$1$$anonfun$1.apply(DevServerStart.scala:156) [play-server_2.10-2.4.6.jar:2.4.6]
	at play.core.server.DevServerStart$$anonfun$mainDev$1$$anon$1$$anonfun$get$1$$anonfun$apply$1$$anonfun$1.apply(DevServerStart.scala:121) [play-server_2.10-2.4.6.jar:2.4.6]
	at scala.Option.map(Option.scala:145) [scala-library.jar:na]
	at play.core.server.DevServerStart$$anonfun$mainDev$1$$anon$1$$anonfun$get$1$$anonfun$apply$1.apply(DevServerStart.scala:121) [play-server_2.10-2.4.6.jar:2.4.6]
	at play.core.server.DevServerStart$$anonfun$mainDev$1$$anon$1$$anonfun$get$1$$anonfun$apply$1.apply(DevServerStart.scala:119) [play-server_2.10-2.4.6.jar:2.4.6]
	at scala.util.Success.flatMap(Try.scala:200) [scala-library.jar:na]
	at play.core.server.DevServerStart$$anonfun$mainDev$1$$anon$1$$anonfun$get$1.apply(DevServerStart.scala:119) [play-server_2.10-2.4.6.jar:2.4.6]
	at play.core.server.DevServerStart$$anonfun$mainDev$1$$anon$1$$anonfun$get$1.apply(DevServerStart.scala:111) [play-server_2.10-2.4.6.jar:2.4.6]
	at scala.concurrent.impl.Future$PromiseCompletingRunnable.liftedTree1$1(Future.scala:24) [scala-library.jar:na]
	at scala.concurrent.impl.Future$PromiseCompletingRunnable.run(Future.scala:24) [scala-library.jar:na]
	at java.util.concurrent.ForkJoinTask$RunnableExecuteAction.exec(ForkJoinTask.java:1402) [na:1.8.0_101]
	at java.util.concurrent.ForkJoinTask.doExec(ForkJoinTask.java:289) [na:1.8.0_101]
	at java.util.concurrent.ForkJoinPool$WorkQueue.runTask(ForkJoinPool.java:1056) [na:1.8.0_101]
	at java.util.concurrent.ForkJoinPool.runWorker(ForkJoinPool.java:1692) [na:1.8.0_101]
	at java.util.concurrent.ForkJoinWorkerThread.run(ForkJoinWorkerThread.java:157) [na:1.8.0_101]
2016-12-21 10:38:36,588 [INFO] from play.api.Play in ForkJoinPool-1-worker-2 - Application started (Dev)
2016-12-21 10:39:36,514 [ERROR] from akka.dispatch.TaskInvocation in application-akka.actor.default-dispatcher-8 - Sending the email to the following server failed : localhost:25
org.apache.commons.mail.EmailException: Sending the email to the following server failed : localhost:25
	at org.apache.commons.mail.Email.sendMimeMessage(Email.java:1410) ~[commons-email-1.3.3.jar:1.3.3]
	at org.apache.commons.mail.Email.send(Email.java:1437) ~[commons-email-1.3.3.jar:1.3.3]
	at play.api.libs.mailer.CommonsMailer$$anon$2.send(MailerPlugin.scala:102) ~[play-mailer_2.10-3.0.1.jar:3.0.1]
	at play.api.libs.mailer.SMTPMailer.send(MailerPlugin.scala:127) ~[play-mailer_2.10-3.0.1.jar:3.0.1]
	at play.api.libs.mailer.CommonsMailer.send(MailerPlugin.scala:109) ~[play-mailer_2.10-3.0.1.jar:3.0.1]
	at play.api.libs.mailer.MailerClient$class.send(MailerPlugin.scala:44) ~[play-mailer_2.10-3.0.1.jar:3.0.1]
	at play.api.libs.mailer.CommonsMailer.send(MailerPlugin.scala:83) ~[play-mailer_2.10-3.0.1.jar:3.0.1]
	at models.utils.Mail$EnvelopJob.run(Mail.java:104) ~[classes/:na]
	at akka.dispatch.TaskInvocation.run(AbstractDispatcher.scala:40) ~[akka-actor_2.10-2.3.13.jar:na]
	at akka.dispatch.ForkJoinExecutorConfigurator$AkkaForkJoinTask.exec(AbstractDispatcher.scala:397) [akka-actor_2.10-2.3.13.jar:na]
	at scala.concurrent.forkjoin.ForkJoinTask.doExec(ForkJoinTask.java:260) [scala-library.jar:na]
	at scala.concurrent.forkjoin.ForkJoinPool$WorkQueue.runTask(ForkJoinPool.java:1339) [scala-library.jar:na]
	at scala.concurrent.forkjoin.ForkJoinPool.runWorker(ForkJoinPool.java:1979) [scala-library.jar:na]
	at scala.concurrent.forkjoin.ForkJoinWorkerThread.run(ForkJoinWorkerThread.java:107) [scala-library.jar:na]
Caused by: javax.mail.MessagingException: Could not connect to SMTP host: localhost, port: 25
	at com.sun.mail.smtp.SMTPTransport.openServer(SMTPTransport.java:1972) ~[mail-1.4.5.jar:1.4.5]
	at com.sun.mail.smtp.SMTPTransport.protocolConnect(SMTPTransport.java:642) ~[mail-1.4.5.jar:1.4.5]
	at javax.mail.Service.connect(Service.java:295) ~[mail-1.4.5.jar:1.4.5]
	at javax.mail.Service.connect(Service.java:176) ~[mail-1.4.5.jar:1.4.5]
	at javax.mail.Service.connect(Service.java:125) ~[mail-1.4.5.jar:1.4.5]
	at javax.mail.Transport.send0(Transport.java:194) ~[mail-1.4.5.jar:1.4.5]
	at javax.mail.Transport.send(Transport.java:124) ~[mail-1.4.5.jar:1.4.5]
	at org.apache.commons.mail.Email.sendMimeMessage(Email.java:1400) ~[commons-email-1.3.3.jar:1.3.3]
	... 13 common frames omitted
Caused by: java.net.ConnectException: Connection refused: connect
	at java.net.DualStackPlainSocketImpl.waitForConnect(Native Method) ~[na:1.8.0_101]
	at java.net.DualStackPlainSocketImpl.socketConnect(DualStackPlainSocketImpl.java:85) ~[na:1.8.0_101]
	at java.net.AbstractPlainSocketImpl.doConnect(AbstractPlainSocketImpl.java:350) ~[na:1.8.0_101]
	at java.net.AbstractPlainSocketImpl.connectToAddress(AbstractPlainSocketImpl.java:206) ~[na:1.8.0_101]
	at java.net.AbstractPlainSocketImpl.connect(AbstractPlainSocketImpl.java:188) ~[na:1.8.0_101]
	at java.net.PlainSocketImpl.connect(PlainSocketImpl.java:172) ~[na:1.8.0_101]
	at java.net.SocksSocketImpl.connect(SocksSocketImpl.java:392) ~[na:1.8.0_101]
	at java.net.Socket.connect(Socket.java:589) ~[na:1.8.0_101]
	at com.sun.mail.util.SocketFetcher.createSocket(SocketFetcher.java:317) ~[mail-1.4.5.jar:1.4.5]
	at com.sun.mail.util.SocketFetcher.getSocket(SocketFetcher.java:233) ~[mail-1.4.5.jar:1.4.5]
	at com.sun.mail.smtp.SMTPTransport.openServer(SMTPTransport.java:1938) ~[mail-1.4.5.jar:1.4.5]
	... 20 common frames omitted
2016-12-21 10:39:48,650 [WARN] from play in application-akka.actor.default-dispatcher-2 - You are using status code '200' with flashing, which should only be used with a redirect status!
2016-12-21 10:39:50,646 [ERROR] from akka.dispatch.TaskInvocation in application-akka.actor.default-dispatcher-15 - Sending the email to the following server failed : localhost:25
org.apache.commons.mail.EmailException: Sending the email to the following server failed : localhost:25
	at org.apache.commons.mail.Email.sendMimeMessage(Email.java:1410) ~[commons-email-1.3.3.jar:1.3.3]
	at org.apache.commons.mail.Email.send(Email.java:1437) ~[commons-email-1.3.3.jar:1.3.3]
	at play.api.libs.mailer.CommonsMailer$$anon$2.send(MailerPlugin.scala:102) ~[play-mailer_2.10-3.0.1.jar:3.0.1]
	at play.api.libs.mailer.SMTPMailer.send(MailerPlugin.scala:127) ~[play-mailer_2.10-3.0.1.jar:3.0.1]
	at play.api.libs.mailer.CommonsMailer.send(MailerPlugin.scala:109) ~[play-mailer_2.10-3.0.1.jar:3.0.1]
	at play.api.libs.mailer.MailerClient$class.send(MailerPlugin.scala:44) ~[play-mailer_2.10-3.0.1.jar:3.0.1]
	at play.api.libs.mailer.CommonsMailer.send(MailerPlugin.scala:83) ~[play-mailer_2.10-3.0.1.jar:3.0.1]
	at models.utils.Mail$EnvelopJob.run(Mail.java:104) ~[classes/:na]
	at akka.dispatch.TaskInvocation.run(AbstractDispatcher.scala:40) ~[akka-actor_2.10-2.3.13.jar:na]
	at akka.dispatch.ForkJoinExecutorConfigurator$AkkaForkJoinTask.exec(AbstractDispatcher.scala:397) [akka-actor_2.10-2.3.13.jar:na]
	at scala.concurrent.forkjoin.ForkJoinTask.doExec(ForkJoinTask.java:260) [scala-library.jar:na]
	at scala.concurrent.forkjoin.ForkJoinPool$WorkQueue.runTask(ForkJoinPool.java:1339) [scala-library.jar:na]
	at scala.concurrent.forkjoin.ForkJoinPool.runWorker(ForkJoinPool.java:1979) [scala-library.jar:na]
	at scala.concurrent.forkjoin.ForkJoinWorkerThread.run(ForkJoinWorkerThread.java:107) [scala-library.jar:na]
Caused by: javax.mail.MessagingException: Could not connect to SMTP host: localhost, port: 25
	at com.sun.mail.smtp.SMTPTransport.openServer(SMTPTransport.java:1972) ~[mail-1.4.5.jar:1.4.5]
	at com.sun.mail.smtp.SMTPTransport.protocolConnect(SMTPTransport.java:642) ~[mail-1.4.5.jar:1.4.5]
	at javax.mail.Service.connect(Service.java:295) ~[mail-1.4.5.jar:1.4.5]
	at javax.mail.Service.connect(Service.java:176) ~[mail-1.4.5.jar:1.4.5]
	at javax.mail.Service.connect(Service.java:125) ~[mail-1.4.5.jar:1.4.5]
	at javax.mail.Transport.send0(Transport.java:194) ~[mail-1.4.5.jar:1.4.5]
	at javax.mail.Transport.send(Transport.java:124) ~[mail-1.4.5.jar:1.4.5]
	at org.apache.commons.mail.Email.sendMimeMessage(Email.java:1400) ~[commons-email-1.3.3.jar:1.3.3]
	... 13 common frames omitted
Caused by: java.net.ConnectException: Connection refused: connect
	at java.net.DualStackPlainSocketImpl.waitForConnect(Native Method) ~[na:1.8.0_101]
	at java.net.DualStackPlainSocketImpl.socketConnect(DualStackPlainSocketImpl.java:85) ~[na:1.8.0_101]
	at java.net.AbstractPlainSocketImpl.doConnect(AbstractPlainSocketImpl.java:350) ~[na:1.8.0_101]
	at java.net.AbstractPlainSocketImpl.connectToAddress(AbstractPlainSocketImpl.java:206) ~[na:1.8.0_101]
	at java.net.AbstractPlainSocketImpl.connect(AbstractPlainSocketImpl.java:188) ~[na:1.8.0_101]
	at java.net.PlainSocketImpl.connect(PlainSocketImpl.java:172) ~[na:1.8.0_101]
	at java.net.SocksSocketImpl.connect(SocksSocketImpl.java:392) ~[na:1.8.0_101]
	at java.net.Socket.connect(Socket.java:589) ~[na:1.8.0_101]
	at com.sun.mail.util.SocketFetcher.createSocket(SocketFetcher.java:317) ~[mail-1.4.5.jar:1.4.5]
	at com.sun.mail.util.SocketFetcher.getSocket(SocketFetcher.java:233) ~[mail-1.4.5.jar:1.4.5]
	at com.sun.mail.smtp.SMTPTransport.openServer(SMTPTransport.java:1938) ~[mail-1.4.5.jar:1.4.5]
	... 20 common frames omitted
2016-12-21 10:41:22,310 [INFO] from application in pool-9-thread-5 - Shutting down connection pool.
